<?xml version="1.0" encoding="UTF-8"?>
<testsuite xmlns:xsi="http://www.w3.org/2001/XMLSchema-instance" xsi:noNamespaceSchemaLocation="https://maven.apache.org/surefire/maven-surefire-plugin/xsd/surefire-test-report.xsd" name="com.example.demo.DemoApplicationTests" time="7.853" tests="1" errors="0" skipped="0" failures="0">
  <properties>
    <property name="sun.desktop" value="windows"/>
    <property name="awt.toolkit" value="sun.awt.windows.WToolkit"/>
    <property name="file.encoding.pkg" value="sun.io"/>
    <property name="java.specification.version" value="1.8"/>
    <property name="sun.cpu.isalist" value="amd64"/>
    <property name="sun.jnu.encoding" value="GBK"/>
    <property name="java.class.path" value="D:\Program Files\JetBrains\springbootDemo\target\test-classes;D:\Program Files\JetBrains\springbootDemo\target\classes;D:\Program Files\apache\maven-repository\org\springframework\boot\spring-boot-starter-jdbc\2.5.2\spring-boot-starter-jdbc-2.5.2.jar;D:\Program Files\apache\maven-repository\org\springframework\boot\spring-boot-starter\2.5.2\spring-boot-starter-2.5.2.jar;D:\Program Files\apache\maven-repository\org\springframework\boot\spring-boot\2.5.2\spring-boot-2.5.2.jar;D:\Program Files\apache\maven-repository\org\springframework\boot\spring-boot-autoconfigure\2.5.2\spring-boot-autoconfigure-2.5.2.jar;D:\Program Files\apache\maven-repository\org\springframework\boot\spring-boot-starter-logging\2.5.2\spring-boot-starter-logging-2.5.2.jar;D:\Program Files\apache\maven-repository\ch\qos\logback\logback-classic\1.2.3\logback-classic-1.2.3.jar;D:\Program Files\apache\maven-repository\ch\qos\logback\logback-core\1.2.3\logback-core-1.2.3.jar;D:\Program Files\apache\maven-repository\org\apache\logging\log4j\log4j-to-slf4j\2.14.1\log4j-to-slf4j-2.14.1.jar;D:\Program Files\apache\maven-repository\org\apache\logging\log4j\log4j-api\2.14.1\log4j-api-2.14.1.jar;D:\Program Files\apache\maven-repository\org\slf4j\jul-to-slf4j\1.7.31\jul-to-slf4j-1.7.31.jar;D:\Program Files\apache\maven-repository\jakarta\annotation\jakarta.annotation-api\1.3.5\jakarta.annotation-api-1.3.5.jar;D:\Program Files\apache\maven-repository\org\yaml\snakeyaml\1.28\snakeyaml-1.28.jar;D:\Program Files\apache\maven-repository\com\zaxxer\HikariCP\4.0.3\HikariCP-4.0.3.jar;D:\Program Files\apache\maven-repository\org\springframework\spring-jdbc\5.3.8\spring-jdbc-5.3.8.jar;D:\Program Files\apache\maven-repository\org\springframework\spring-beans\5.3.8\spring-beans-5.3.8.jar;D:\Program Files\apache\maven-repository\org\springframework\spring-tx\5.3.8\spring-tx-5.3.8.jar;D:\Program Files\apache\maven-repository\org\springframework\boot\spring-boot-starter-thymeleaf\2.5.2\spring-boot-starter-thymeleaf-2.5.2.jar;D:\Program Files\apache\maven-repository\org\thymeleaf\thymeleaf-spring5\3.0.12.RELEASE\thymeleaf-spring5-3.0.12.RELEASE.jar;D:\Program Files\apache\maven-repository\org\thymeleaf\thymeleaf\3.0.12.RELEASE\thymeleaf-3.0.12.RELEASE.jar;D:\Program Files\apache\maven-repository\org\attoparser\attoparser\2.0.5.RELEASE\attoparser-2.0.5.RELEASE.jar;D:\Program Files\apache\maven-repository\org\unbescape\unbescape\1.1.6.RELEASE\unbescape-1.1.6.RELEASE.jar;D:\Program Files\apache\maven-repository\org\thymeleaf\extras\thymeleaf-extras-java8time\3.0.4.RELEASE\thymeleaf-extras-java8time-3.0.4.RELEASE.jar;D:\Program Files\apache\maven-repository\org\springframework\boot\spring-boot-starter-web\2.5.2\spring-boot-starter-web-2.5.2.jar;D:\Program Files\apache\maven-repository\org\springframework\boot\spring-boot-starter-json\2.5.2\spring-boot-starter-json-2.5.2.jar;D:\Program Files\apache\maven-repository\com\fasterxml\jackson\core\jackson-databind\2.12.3\jackson-databind-2.12.3.jar;D:\Program Files\apache\maven-repository\com\fasterxml\jackson\core\jackson-annotations\2.12.3\jackson-annotations-2.12.3.jar;D:\Program Files\apache\maven-repository\com\fasterxml\jackson\core\jackson-core\2.12.3\jackson-core-2.12.3.jar;D:\Program Files\apache\maven-repository\com\fasterxml\jackson\datatype\jackson-datatype-jdk8\2.12.3\jackson-datatype-jdk8-2.12.3.jar;D:\Program Files\apache\maven-repository\com\fasterxml\jackson\datatype\jackson-datatype-jsr310\2.12.3\jackson-datatype-jsr310-2.12.3.jar;D:\Program Files\apache\maven-repository\com\fasterxml\jackson\module\jackson-module-parameter-names\2.12.3\jackson-module-parameter-names-2.12.3.jar;D:\Program Files\apache\maven-repository\org\springframework\boot\spring-boot-starter-tomcat\2.5.2\spring-boot-starter-tomcat-2.5.2.jar;D:\Program Files\apache\maven-repository\org\apache\tomcat\embed\tomcat-embed-core\9.0.48\tomcat-embed-core-9.0.48.jar;D:\Program Files\apache\maven-repository\org\apache\tomcat\embed\tomcat-embed-el\9.0.48\tomcat-embed-el-9.0.48.jar;D:\Program Files\apache\maven-repository\org\apache\tomcat\embed\tomcat-embed-websocket\9.0.48\tomcat-embed-websocket-9.0.48.jar;D:\Program Files\apache\maven-repository\org\springframework\spring-web\5.3.8\spring-web-5.3.8.jar;D:\Program Files\apache\maven-repository\org\springframework\spring-webmvc\5.3.8\spring-webmvc-5.3.8.jar;D:\Program Files\apache\maven-repository\org\springframework\spring-aop\5.3.8\spring-aop-5.3.8.jar;D:\Program Files\apache\maven-repository\org\springframework\spring-context\5.3.8\spring-context-5.3.8.jar;D:\Program Files\apache\maven-repository\org\springframework\spring-expression\5.3.8\spring-expression-5.3.8.jar;D:\Program Files\apache\maven-repository\org\mybatis\spring\boot\mybatis-spring-boot-starter\2.2.0\mybatis-spring-boot-starter-2.2.0.jar;D:\Program Files\apache\maven-repository\org\mybatis\spring\boot\mybatis-spring-boot-autoconfigure\2.2.0\mybatis-spring-boot-autoconfigure-2.2.0.jar;D:\Program Files\apache\maven-repository\org\mybatis\mybatis\3.5.7\mybatis-3.5.7.jar;D:\Program Files\apache\maven-repository\org\mybatis\mybatis-spring\2.0.6\mybatis-spring-2.0.6.jar;D:\Program Files\apache\maven-repository\mysql\mysql-connector-java\8.0.25\mysql-connector-java-8.0.25.jar;D:\Program Files\apache\maven-repository\org\springframework\boot\spring-boot-starter-test\2.5.2\spring-boot-starter-test-2.5.2.jar;D:\Program Files\apache\maven-repository\org\springframework\boot\spring-boot-test\2.5.2\spring-boot-test-2.5.2.jar;D:\Program Files\apache\maven-repository\org\springframework\boot\spring-boot-test-autoconfigure\2.5.2\spring-boot-test-autoconfigure-2.5.2.jar;D:\Program Files\apache\maven-repository\com\jayway\jsonpath\json-path\2.5.0\json-path-2.5.0.jar;D:\Program Files\apache\maven-repository\net\minidev\json-smart\2.4.7\json-smart-2.4.7.jar;D:\Program Files\apache\maven-repository\net\minidev\accessors-smart\2.4.7\accessors-smart-2.4.7.jar;D:\Program Files\apache\maven-repository\org\ow2\asm\asm\9.1\asm-9.1.jar;D:\Program Files\apache\maven-repository\jakarta\xml\bind\jakarta.xml.bind-api\2.3.3\jakarta.xml.bind-api-2.3.3.jar;D:\Program Files\apache\maven-repository\jakarta\activation\jakarta.activation-api\1.2.2\jakarta.activation-api-1.2.2.jar;D:\Program Files\apache\maven-repository\org\assertj\assertj-core\3.19.0\assertj-core-3.19.0.jar;D:\Program Files\apache\maven-repository\org\hamcrest\hamcrest\2.2\hamcrest-2.2.jar;D:\Program Files\apache\maven-repository\org\junit\jupiter\junit-jupiter\5.7.2\junit-jupiter-5.7.2.jar;D:\Program Files\apache\maven-repository\org\junit\jupiter\junit-jupiter-api\5.7.2\junit-jupiter-api-5.7.2.jar;D:\Program Files\apache\maven-repository\org\apiguardian\apiguardian-api\1.1.0\apiguardian-api-1.1.0.jar;D:\Program Files\apache\maven-repository\org\opentest4j\opentest4j\1.2.0\opentest4j-1.2.0.jar;D:\Program Files\apache\maven-repository\org\junit\platform\junit-platform-commons\1.7.2\junit-platform-commons-1.7.2.jar;D:\Program Files\apache\maven-repository\org\junit\jupiter\junit-jupiter-params\5.7.2\junit-jupiter-params-5.7.2.jar;D:\Program Files\apache\maven-repository\org\junit\jupiter\junit-jupiter-engine\5.7.2\junit-jupiter-engine-5.7.2.jar;D:\Program Files\apache\maven-repository\org\junit\platform\junit-platform-engine\1.7.2\junit-platform-engine-1.7.2.jar;D:\Program Files\apache\maven-repository\org\mockito\mockito-core\3.9.0\mockito-core-3.9.0.jar;D:\Program Files\apache\maven-repository\net\bytebuddy\byte-buddy\1.10.22\byte-buddy-1.10.22.jar;D:\Program Files\apache\maven-repository\net\bytebuddy\byte-buddy-agent\1.10.22\byte-buddy-agent-1.10.22.jar;D:\Program Files\apache\maven-repository\org\objenesis\objenesis\3.2\objenesis-3.2.jar;D:\Program Files\apache\maven-repository\org\mockito\mockito-junit-jupiter\3.9.0\mockito-junit-jupiter-3.9.0.jar;D:\Program Files\apache\maven-repository\org\skyscreamer\jsonassert\1.5.0\jsonassert-1.5.0.jar;D:\Program Files\apache\maven-repository\com\vaadin\external\google\android-json\0.0.20131108.vaadin1\android-json-0.0.20131108.vaadin1.jar;D:\Program Files\apache\maven-repository\org\springframework\spring-core\5.3.8\spring-core-5.3.8.jar;D:\Program Files\apache\maven-repository\org\springframework\spring-jcl\5.3.8\spring-jcl-5.3.8.jar;D:\Program Files\apache\maven-repository\org\springframework\spring-test\5.3.8\spring-test-5.3.8.jar;D:\Program Files\apache\maven-repository\org\xmlunit\xmlunit-core\2.8.2\xmlunit-core-2.8.2.jar;D:\Program Files\apache\maven-repository\org\springframework\boot\spring-boot-starter-data-redis\2.5.2\spring-boot-starter-data-redis-2.5.2.jar;D:\Program Files\apache\maven-repository\org\springframework\data\spring-data-redis\2.5.2\spring-data-redis-2.5.2.jar;D:\Program Files\apache\maven-repository\org\springframework\data\spring-data-keyvalue\2.5.2\spring-data-keyvalue-2.5.2.jar;D:\Program Files\apache\maven-repository\org\springframework\data\spring-data-commons\2.5.2\spring-data-commons-2.5.2.jar;D:\Program Files\apache\maven-repository\org\springframework\spring-oxm\5.3.8\spring-oxm-5.3.8.jar;D:\Program Files\apache\maven-repository\org\springframework\spring-context-support\5.3.8\spring-context-support-5.3.8.jar;D:\Program Files\apache\maven-repository\io\lettuce\lettuce-core\6.1.3.RELEASE\lettuce-core-6.1.3.RELEASE.jar;D:\Program Files\apache\maven-repository\io\netty\netty-common\4.1.65.Final\netty-common-4.1.65.Final.jar;D:\Program Files\apache\maven-repository\io\netty\netty-handler\4.1.65.Final\netty-handler-4.1.65.Final.jar;D:\Program Files\apache\maven-repository\io\netty\netty-resolver\4.1.65.Final\netty-resolver-4.1.65.Final.jar;D:\Program Files\apache\maven-repository\io\netty\netty-buffer\4.1.65.Final\netty-buffer-4.1.65.Final.jar;D:\Program Files\apache\maven-repository\io\netty\netty-codec\4.1.65.Final\netty-codec-4.1.65.Final.jar;D:\Program Files\apache\maven-repository\io\netty\netty-transport\4.1.65.Final\netty-transport-4.1.65.Final.jar;D:\Program Files\apache\maven-repository\io\projectreactor\reactor-core\3.4.7\reactor-core-3.4.7.jar;D:\Program Files\apache\maven-repository\org\reactivestreams\reactive-streams\1.0.3\reactive-streams-1.0.3.jar;D:\Program Files\apache\maven-repository\redis\clients\jedis\3.6.1\jedis-3.6.1.jar;D:\Program Files\apache\maven-repository\org\slf4j\slf4j-api\1.7.31\slf4j-api-1.7.31.jar;D:\Program Files\apache\maven-repository\org\apache\commons\commons-pool2\2.9.0\commons-pool2-2.9.0.jar;D:\Program Files\apache\maven-repository\com\github\sarxos\webcam-capture\0.3.12\webcam-capture-0.3.12.jar;D:\Program Files\apache\maven-repository\com\nativelibs4java\bridj\0.7.0\bridj-0.7.0.jar;"/>
    <property name="java.vm.vendor" value="Oracle Corporation"/>
    <property name="sun.arch.data.model" value="64"/>
    <property name="user.variant" value=""/>
    <property name="java.vendor.url" value="http://java.oracle.com/"/>
    <property name="user.timezone" value="GMT+08:00"/>
    <property name="java.vm.specification.version" value="1.8"/>
    <property name="os.name" value="Windows 10"/>
    <property name="user.country" value="CN"/>
    <property name="sun.java.launcher" value="SUN_STANDARD"/>
    <property name="sun.boot.library.path" value="D:\Program Files\jdk1.8.0_241\jre\bin"/>
    <property name="sun.java.command" value="C:\Users\HSPCAD~1\AppData\Local\Temp\surefire3127677671459081012\surefirebooter3782727323665746273.jar C:\Users\hspcadmin\AppData\Local\Temp\surefire3127677671459081012 2021-11-16T19-40-59_111-jvmRun1 surefire316234620120317871tmp surefire_02542943455257842259tmp"/>
    <property name="surefire.test.class.path" value="D:\Program Files\JetBrains\springbootDemo\target\test-classes;D:\Program Files\JetBrains\springbootDemo\target\classes;D:\Program Files\apache\maven-repository\org\springframework\boot\spring-boot-starter-jdbc\2.5.2\spring-boot-starter-jdbc-2.5.2.jar;D:\Program Files\apache\maven-repository\org\springframework\boot\spring-boot-starter\2.5.2\spring-boot-starter-2.5.2.jar;D:\Program Files\apache\maven-repository\org\springframework\boot\spring-boot\2.5.2\spring-boot-2.5.2.jar;D:\Program Files\apache\maven-repository\org\springframework\boot\spring-boot-autoconfigure\2.5.2\spring-boot-autoconfigure-2.5.2.jar;D:\Program Files\apache\maven-repository\org\springframework\boot\spring-boot-starter-logging\2.5.2\spring-boot-starter-logging-2.5.2.jar;D:\Program Files\apache\maven-repository\ch\qos\logback\logback-classic\1.2.3\logback-classic-1.2.3.jar;D:\Program Files\apache\maven-repository\ch\qos\logback\logback-core\1.2.3\logback-core-1.2.3.jar;D:\Program Files\apache\maven-repository\org\apache\logging\log4j\log4j-to-slf4j\2.14.1\log4j-to-slf4j-2.14.1.jar;D:\Program Files\apache\maven-repository\org\apache\logging\log4j\log4j-api\2.14.1\log4j-api-2.14.1.jar;D:\Program Files\apache\maven-repository\org\slf4j\jul-to-slf4j\1.7.31\jul-to-slf4j-1.7.31.jar;D:\Program Files\apache\maven-repository\jakarta\annotation\jakarta.annotation-api\1.3.5\jakarta.annotation-api-1.3.5.jar;D:\Program Files\apache\maven-repository\org\yaml\snakeyaml\1.28\snakeyaml-1.28.jar;D:\Program Files\apache\maven-repository\com\zaxxer\HikariCP\4.0.3\HikariCP-4.0.3.jar;D:\Program Files\apache\maven-repository\org\springframework\spring-jdbc\5.3.8\spring-jdbc-5.3.8.jar;D:\Program Files\apache\maven-repository\org\springframework\spring-beans\5.3.8\spring-beans-5.3.8.jar;D:\Program Files\apache\maven-repository\org\springframework\spring-tx\5.3.8\spring-tx-5.3.8.jar;D:\Program Files\apache\maven-repository\org\springframework\boot\spring-boot-starter-thymeleaf\2.5.2\spring-boot-starter-thymeleaf-2.5.2.jar;D:\Program Files\apache\maven-repository\org\thymeleaf\thymeleaf-spring5\3.0.12.RELEASE\thymeleaf-spring5-3.0.12.RELEASE.jar;D:\Program Files\apache\maven-repository\org\thymeleaf\thymeleaf\3.0.12.RELEASE\thymeleaf-3.0.12.RELEASE.jar;D:\Program Files\apache\maven-repository\org\attoparser\attoparser\2.0.5.RELEASE\attoparser-2.0.5.RELEASE.jar;D:\Program Files\apache\maven-repository\org\unbescape\unbescape\1.1.6.RELEASE\unbescape-1.1.6.RELEASE.jar;D:\Program Files\apache\maven-repository\org\thymeleaf\extras\thymeleaf-extras-java8time\3.0.4.RELEASE\thymeleaf-extras-java8time-3.0.4.RELEASE.jar;D:\Program Files\apache\maven-repository\org\springframework\boot\spring-boot-starter-web\2.5.2\spring-boot-starter-web-2.5.2.jar;D:\Program Files\apache\maven-repository\org\springframework\boot\spring-boot-starter-json\2.5.2\spring-boot-starter-json-2.5.2.jar;D:\Program Files\apache\maven-repository\com\fasterxml\jackson\core\jackson-databind\2.12.3\jackson-databind-2.12.3.jar;D:\Program Files\apache\maven-repository\com\fasterxml\jackson\core\jackson-annotations\2.12.3\jackson-annotations-2.12.3.jar;D:\Program Files\apache\maven-repository\com\fasterxml\jackson\core\jackson-core\2.12.3\jackson-core-2.12.3.jar;D:\Program Files\apache\maven-repository\com\fasterxml\jackson\datatype\jackson-datatype-jdk8\2.12.3\jackson-datatype-jdk8-2.12.3.jar;D:\Program Files\apache\maven-repository\com\fasterxml\jackson\datatype\jackson-datatype-jsr310\2.12.3\jackson-datatype-jsr310-2.12.3.jar;D:\Program Files\apache\maven-repository\com\fasterxml\jackson\module\jackson-module-parameter-names\2.12.3\jackson-module-parameter-names-2.12.3.jar;D:\Program Files\apache\maven-repository\org\springframework\boot\spring-boot-starter-tomcat\2.5.2\spring-boot-starter-tomcat-2.5.2.jar;D:\Program Files\apache\maven-repository\org\apache\tomcat\embed\tomcat-embed-core\9.0.48\tomcat-embed-core-9.0.48.jar;D:\Program Files\apache\maven-repository\org\apache\tomcat\embed\tomcat-embed-el\9.0.48\tomcat-embed-el-9.0.48.jar;D:\Program Files\apache\maven-repository\org\apache\tomcat\embed\tomcat-embed-websocket\9.0.48\tomcat-embed-websocket-9.0.48.jar;D:\Program Files\apache\maven-repository\org\springframework\spring-web\5.3.8\spring-web-5.3.8.jar;D:\Program Files\apache\maven-repository\org\springframework\spring-webmvc\5.3.8\spring-webmvc-5.3.8.jar;D:\Program Files\apache\maven-repository\org\springframework\spring-aop\5.3.8\spring-aop-5.3.8.jar;D:\Program Files\apache\maven-repository\org\springframework\spring-context\5.3.8\spring-context-5.3.8.jar;D:\Program Files\apache\maven-repository\org\springframework\spring-expression\5.3.8\spring-expression-5.3.8.jar;D:\Program Files\apache\maven-repository\org\mybatis\spring\boot\mybatis-spring-boot-starter\2.2.0\mybatis-spring-boot-starter-2.2.0.jar;D:\Program Files\apache\maven-repository\org\mybatis\spring\boot\mybatis-spring-boot-autoconfigure\2.2.0\mybatis-spring-boot-autoconfigure-2.2.0.jar;D:\Program Files\apache\maven-repository\org\mybatis\mybatis\3.5.7\mybatis-3.5.7.jar;D:\Program Files\apache\maven-repository\org\mybatis\mybatis-spring\2.0.6\mybatis-spring-2.0.6.jar;D:\Program Files\apache\maven-repository\mysql\mysql-connector-java\8.0.25\mysql-connector-java-8.0.25.jar;D:\Program Files\apache\maven-repository\org\springframework\boot\spring-boot-starter-test\2.5.2\spring-boot-starter-test-2.5.2.jar;D:\Program Files\apache\maven-repository\org\springframework\boot\spring-boot-test\2.5.2\spring-boot-test-2.5.2.jar;D:\Program Files\apache\maven-repository\org\springframework\boot\spring-boot-test-autoconfigure\2.5.2\spring-boot-test-autoconfigure-2.5.2.jar;D:\Program Files\apache\maven-repository\com\jayway\jsonpath\json-path\2.5.0\json-path-2.5.0.jar;D:\Program Files\apache\maven-repository\net\minidev\json-smart\2.4.7\json-smart-2.4.7.jar;D:\Program Files\apache\maven-repository\net\minidev\accessors-smart\2.4.7\accessors-smart-2.4.7.jar;D:\Program Files\apache\maven-repository\org\ow2\asm\asm\9.1\asm-9.1.jar;D:\Program Files\apache\maven-repository\jakarta\xml\bind\jakarta.xml.bind-api\2.3.3\jakarta.xml.bind-api-2.3.3.jar;D:\Program Files\apache\maven-repository\jakarta\activation\jakarta.activation-api\1.2.2\jakarta.activation-api-1.2.2.jar;D:\Program Files\apache\maven-repository\org\assertj\assertj-core\3.19.0\assertj-core-3.19.0.jar;D:\Program Files\apache\maven-repository\org\hamcrest\hamcrest\2.2\hamcrest-2.2.jar;D:\Program Files\apache\maven-repository\org\junit\jupiter\junit-jupiter\5.7.2\junit-jupiter-5.7.2.jar;D:\Program Files\apache\maven-repository\org\junit\jupiter\junit-jupiter-api\5.7.2\junit-jupiter-api-5.7.2.jar;D:\Program Files\apache\maven-repository\org\apiguardian\apiguardian-api\1.1.0\apiguardian-api-1.1.0.jar;D:\Program Files\apache\maven-repository\org\opentest4j\opentest4j\1.2.0\opentest4j-1.2.0.jar;D:\Program Files\apache\maven-repository\org\junit\platform\junit-platform-commons\1.7.2\junit-platform-commons-1.7.2.jar;D:\Program Files\apache\maven-repository\org\junit\jupiter\junit-jupiter-params\5.7.2\junit-jupiter-params-5.7.2.jar;D:\Program Files\apache\maven-repository\org\junit\jupiter\junit-jupiter-engine\5.7.2\junit-jupiter-engine-5.7.2.jar;D:\Program Files\apache\maven-repository\org\junit\platform\junit-platform-engine\1.7.2\junit-platform-engine-1.7.2.jar;D:\Program Files\apache\maven-repository\org\mockito\mockito-core\3.9.0\mockito-core-3.9.0.jar;D:\Program Files\apache\maven-repository\net\bytebuddy\byte-buddy\1.10.22\byte-buddy-1.10.22.jar;D:\Program Files\apache\maven-repository\net\bytebuddy\byte-buddy-agent\1.10.22\byte-buddy-agent-1.10.22.jar;D:\Program Files\apache\maven-repository\org\objenesis\objenesis\3.2\objenesis-3.2.jar;D:\Program Files\apache\maven-repository\org\mockito\mockito-junit-jupiter\3.9.0\mockito-junit-jupiter-3.9.0.jar;D:\Program Files\apache\maven-repository\org\skyscreamer\jsonassert\1.5.0\jsonassert-1.5.0.jar;D:\Program Files\apache\maven-repository\com\vaadin\external\google\android-json\0.0.20131108.vaadin1\android-json-0.0.20131108.vaadin1.jar;D:\Program Files\apache\maven-repository\org\springframework\spring-core\5.3.8\spring-core-5.3.8.jar;D:\Program Files\apache\maven-repository\org\springframework\spring-jcl\5.3.8\spring-jcl-5.3.8.jar;D:\Program Files\apache\maven-repository\org\springframework\spring-test\5.3.8\spring-test-5.3.8.jar;D:\Program Files\apache\maven-repository\org\xmlunit\xmlunit-core\2.8.2\xmlunit-core-2.8.2.jar;D:\Program Files\apache\maven-repository\org\springframework\boot\spring-boot-starter-data-redis\2.5.2\spring-boot-starter-data-redis-2.5.2.jar;D:\Program Files\apache\maven-repository\org\springframework\data\spring-data-redis\2.5.2\spring-data-redis-2.5.2.jar;D:\Program Files\apache\maven-repository\org\springframework\data\spring-data-keyvalue\2.5.2\spring-data-keyvalue-2.5.2.jar;D:\Program Files\apache\maven-repository\org\springframework\data\spring-data-commons\2.5.2\spring-data-commons-2.5.2.jar;D:\Program Files\apache\maven-repository\org\springframework\spring-oxm\5.3.8\spring-oxm-5.3.8.jar;D:\Program Files\apache\maven-repository\org\springframework\spring-context-support\5.3.8\spring-context-support-5.3.8.jar;D:\Program Files\apache\maven-repository\io\lettuce\lettuce-core\6.1.3.RELEASE\lettuce-core-6.1.3.RELEASE.jar;D:\Program Files\apache\maven-repository\io\netty\netty-common\4.1.65.Final\netty-common-4.1.65.Final.jar;D:\Program Files\apache\maven-repository\io\netty\netty-handler\4.1.65.Final\netty-handler-4.1.65.Final.jar;D:\Program Files\apache\maven-repository\io\netty\netty-resolver\4.1.65.Final\netty-resolver-4.1.65.Final.jar;D:\Program Files\apache\maven-repository\io\netty\netty-buffer\4.1.65.Final\netty-buffer-4.1.65.Final.jar;D:\Program Files\apache\maven-repository\io\netty\netty-codec\4.1.65.Final\netty-codec-4.1.65.Final.jar;D:\Program Files\apache\maven-repository\io\netty\netty-transport\4.1.65.Final\netty-transport-4.1.65.Final.jar;D:\Program Files\apache\maven-repository\io\projectreactor\reactor-core\3.4.7\reactor-core-3.4.7.jar;D:\Program Files\apache\maven-repository\org\reactivestreams\reactive-streams\1.0.3\reactive-streams-1.0.3.jar;D:\Program Files\apache\maven-repository\redis\clients\jedis\3.6.1\jedis-3.6.1.jar;D:\Program Files\apache\maven-repository\org\slf4j\slf4j-api\1.7.31\slf4j-api-1.7.31.jar;D:\Program Files\apache\maven-repository\org\apache\commons\commons-pool2\2.9.0\commons-pool2-2.9.0.jar;D:\Program Files\apache\maven-repository\com\github\sarxos\webcam-capture\0.3.12\webcam-capture-0.3.12.jar;D:\Program Files\apache\maven-repository\com\nativelibs4java\bridj\0.7.0\bridj-0.7.0.jar;"/>
    <property name="sun.cpu.endian" value="little"/>
    <property name="user.home" value="C:\Users\hspcadmin"/>
    <property name="user.language" value="zh"/>
    <property name="java.specification.vendor" value="Oracle Corporation"/>
    <property name="java.home" value="D:\Program Files\jdk1.8.0_241\jre"/>
    <property name="basedir" value="D:\Program Files\JetBrains\springbootDemo"/>
    <property name="file.separator" value="\"/>
    <property name="line.separator" value="&#10;"/>
    <property name="java.vm.specification.vendor" value="Oracle Corporation"/>
    <property name="java.specification.name" value="Java Platform API Specification"/>
    <property name="java.awt.graphicsenv" value="sun.awt.Win32GraphicsEnvironment"/>
    <property name="surefire.real.class.path" value="C:\Users\HSPCAD~1\AppData\Local\Temp\surefire3127677671459081012\surefirebooter3782727323665746273.jar"/>
    <property name="sun.boot.class.path" value="D:\Program Files\jdk1.8.0_241\jre\lib\resources.jar;D:\Program Files\jdk1.8.0_241\jre\lib\rt.jar;D:\Program Files\jdk1.8.0_241\jre\lib\sunrsasign.jar;D:\Program Files\jdk1.8.0_241\jre\lib\jsse.jar;D:\Program Files\jdk1.8.0_241\jre\lib\jce.jar;D:\Program Files\jdk1.8.0_241\jre\lib\charsets.jar;D:\Program Files\jdk1.8.0_241\jre\lib\jfr.jar;D:\Program Files\jdk1.8.0_241\jre\classes"/>
    <property name="user.script" value=""/>
    <property name="sun.management.compiler" value="HotSpot 64-Bit Tiered Compilers"/>
    <property name="java.runtime.version" value="1.8.0_241-b07"/>
    <property name="user.name" value="hspcadmin"/>
    <property name="path.separator" value=";"/>
    <property name="os.version" value="10.0"/>
    <property name="java.endorsed.dirs" value="D:\Program Files\jdk1.8.0_241\jre\lib\endorsed"/>
    <property name="java.runtime.name" value="Java(TM) SE Runtime Environment"/>
    <property name="file.encoding" value="GBK"/>
    <property name="java.vm.name" value="Java HotSpot(TM) 64-Bit Server VM"/>
    <property name="localRepository" value="D:\Program Files\apache\maven-repository"/>
    <property name="java.vendor.url.bug" value="http://bugreport.sun.com/bugreport/"/>
    <property name="java.io.tmpdir" value="C:\Users\HSPCAD~1\AppData\Local\Temp\"/>
    <property name="idea.version" value="2020.3"/>
    <property name="java.version" value="1.8.0_241"/>
    <property name="user.dir" value="D:\Program Files\JetBrains\springbootDemo"/>
    <property name="os.arch" value="amd64"/>
    <property name="java.vm.specification.name" value="Java Virtual Machine Specification"/>
    <property name="java.awt.printerjob" value="sun.awt.windows.WPrinterJob"/>
    <property name="sun.os.patch.level" value=""/>
    <property name="java.library.path" value="D:\Program Files\jdk1.8.0_241\jre\bin;C:\WINDOWS\Sun\Java\bin;C:\WINDOWS\system32;C:\WINDOWS;C:\Program Files (x86)\Common Files\Oracle\Java\javapath;D:\oracle\product\11.2.0\client_1\bin;D:\app\hspcadmin\product\11.2.0\client_1;C:\WINDOWS\system32;C:\WINDOWS;C:\WINDOWS\System32\Wbem;C:\WINDOWS\System32\WindowsPowerShell\v1.0\;C:\WINDOWS\System32\OpenSSH\;D:\Program Files\TortoiseSVN\bin;D:\Program Files\apache\maven\bin\;&quot;D:\Program Files\apache\apache-tomcat-7.0.103\bin;D:\Program Files\apache\apache-tomcat-7.0.103\lib&quot;;D:\Program Files\mingw64\bin;D:\TDM-GCC-64\bin;D:\Program Files\jdk1.8.0_241\bin;D:\Program Files\jdk1.8.0_241\jre\bin;D:\Program Files\Matlab\R2017a\runtime\win64;D:\Program Files\Matlab\R2017a\bin;D:\Program Files\gradle\gradle-7.1-all\gradle-7.1\bin;D:\Program Files\Git\cmd;D:\Program Files\nodejs\;C:\Users\hspcadmin\AppData\Local\Programs\Python\Python38-32\Scripts\;C:\Users\hspcadmin\AppData\Local\Programs\Python\Python38-32\;C:\Users\hspcadmin\AppData\Local\Programs\Python\Launcher\;C:\Program Files\MySQL\MySQL Shell 8.0\bin\;C:\Users\hspcadmin\AppData\Local\Microsoft\WindowsApps;D:\Program Files\Microsoft VS Code\bin;C:\Users\hspcadmin\AppData\Roaming\npm;."/>
    <property name="java.vm.info" value="mixed mode"/>
    <property name="java.vendor" value="Oracle Corporation"/>
    <property name="java.vm.version" value="25.241-b07"/>
    <property name="java.ext.dirs" value="D:\Program Files\jdk1.8.0_241\jre\lib\ext;C:\WINDOWS\Sun\Java\lib\ext"/>
    <property name="sun.io.unicode.encoding" value="UnicodeLittle"/>
    <property name="java.class.version" value="52.0"/>
  </properties>
  <testcase name="contextLoads" classname="com.example.demo.DemoApplicationTests" time="0.391"/>
</testsuite>